<?xml version="1.0" encoding="UTF-8" ?>
<testsuite errors="1" failures="0" hostname="22007512" name="org.junit.runner.manipulation.Filter" tests="1" time="0.071" timestamp="2015-03-03T14:29:34">
  <properties />
  <testcase classname="org.junit.runner.manipulation.Filter" name="initializationError" time="0.064">
    <error message="No tests found matching grails test target pattern filter from org.junit.runner.Request$1@58990034" type="java.lang.Exception">java.lang.Exception: No tests found matching grails test target pattern filter from org.junit.runner.Request$1@58990034
</error>
  </testcase>
  <system-out><![CDATA[--Output from initializationError--
]]></system-out>
  <system-err><![CDATA[--Output from initializationError--
]]></system-err>
</testsuite>
